*** Starting uWSGI 2.0.15 (64bit) on [Fri Nov 17 18:24:59 2017] ***
compiled with version: 5.4.0 20160609 on 16 November 2017 16:54:09
os: Linux-4.4.0-62-generic #83-Ubuntu SMP Wed Jan 18 14:10:15 UTC 2017
nodename: jdu4e00u53f7
machine: x86_64
clock source: unix
pcre jit disabled
detected number of CPU cores: 1
current working directory: /home/mysite
writing pidfile to uwsgi/uwsgi.pid
detected binary path: /usr/local/bin/uwsgi
uWSGI running as root, you can use --uid/--gid/--chroot options
*** WARNING: you are running uWSGI as root !!! (use the --uid flag) *** 
chdir() to /home/mysite
your processes number limit is 3813
your memory page size is 4096 bytes
detected max file descriptor number: 1024
lock engine: pthread robust mutexes
thunder lock: disabled (you can enable it with --thunder-lock)
uwsgi socket 0 bound to TCP address :8000 fd 6
Python version: 3.5.2 (default, Sep 14 2017, 22:51:06)  [GCC 5.4.0 20160609]
Python main interpreter initialized at 0x1e8cde0
python threads support enabled
your server socket listen backlog is limited to 100 connections
your mercy for graceful operations on workers is 60 seconds
mapped 702080 bytes (685 KB) for 8 cores
*** Operational MODE: preforking+threaded ***
WSGI app 0 (mountpoint='') ready in 1 seconds on interpreter 0x1e8cde0 pid: 1784 (default app)
*** uWSGI is running in multiple interpreter mode ***
spawned uWSGI master process (pid: 1784)
spawned uWSGI worker 1 (pid: 1786, cores: 2)
spawned uWSGI worker 2 (pid: 1787, cores: 2)
spawned uWSGI worker 3 (pid: 1788, cores: 2)
spawned uWSGI worker 4 (pid: 1789, cores: 2)
...brutally killing workers...
Gracefully killing worker 1 (pid: 1786)...
Gracefully killing worker 2 (pid: 1787)...
worker 1 buried after 0 seconds
worker 2 buried after 1 seconds
worker 3 buried after 1 seconds
worker 4 buried after 1 seconds
binary reloading uWSGI...
chdir() to /home/mysite
closing all non-uwsgi socket fds > 2 (max_fd = 1024)...
found fd 6 mapped to socket 0 (:8000)
running /usr/local/bin/uwsgi
[uWSGI] getting INI configuration from uwsgi.ini
*** Starting uWSGI 2.0.15 (64bit) on [Fri Nov 17 18:56:19 2017] ***
compiled with version: 5.4.0 20160609 on 16 November 2017 16:54:09
os: Linux-4.4.0-62-generic #83-Ubuntu SMP Wed Jan 18 14:10:15 UTC 2017
nodename: jdu4e00u53f7
machine: x86_64
clock source: unix
pcre jit disabled
detected number of CPU cores: 1
current working directory: /home/mysite
detected binary path: /usr/local/bin/uwsgi
uWSGI running as root, you can use --uid/--gid/--chroot options
*** WARNING: you are running uWSGI as root !!! (use the --uid flag) *** 
chdir() to /home/mysite
your processes number limit is 3813
your memory page size is 4096 bytes
detected max file descriptor number: 1024
lock engine: pthread robust mutexes
thunder lock: disabled (you can enable it with --thunder-lock)
uwsgi socket 0 inherited INET address :8000 fd 6
Python version: 3.5.2 (default, Sep 14 2017, 22:51:06)  [GCC 5.4.0 20160609]
Python main interpreter initialized at 0xfead60
python threads support enabled
your server socket listen backlog is limited to 100 connections
your mercy for graceful operations on workers is 60 seconds
mapped 702080 bytes (685 KB) for 8 cores
*** Operational MODE: preforking+threaded ***
WSGI app 0 (mountpoint='') ready in 0 seconds on interpreter 0xfead60 pid: 1784 (default app)
*** uWSGI is running in multiple interpreter mode ***
gracefully (RE)spawned uWSGI master process (pid: 1784)
spawned uWSGI worker 1 (pid: 3528, cores: 2)
spawned uWSGI worker 2 (pid: 3529, cores: 2)
spawned uWSGI worker 3 (pid: 3530, cores: 2)
spawned uWSGI worker 4 (pid: 3531, cores: 2)
*** Starting uWSGI 2.0.15 (64bit) on [Fri Nov 17 18:59:55 2017] ***
compiled with version: 5.4.0 20160609 on 16 November 2017 16:54:09
os: Linux-4.4.0-62-generic #83-Ubuntu SMP Wed Jan 18 14:10:15 UTC 2017
nodename: jdu4e00u53f7
machine: x86_64
clock source: unix
pcre jit disabled
detected number of CPU cores: 1
current working directory: /home/mysite
writing pidfile to uwsgi/uwsgi.pid
detected binary path: /usr/local/bin/uwsgi
uWSGI running as root, you can use --uid/--gid/--chroot options
*** WARNING: you are running uWSGI as root !!! (use the --uid flag) *** 
chdir() to /home/mysite
your processes number limit is 3813
your memory page size is 4096 bytes
detected max file descriptor number: 1024
lock engine: pthread robust mutexes
thunder lock: disabled (you can enable it with --thunder-lock)
uwsgi socket 0 bound to TCP address :8000 fd 6
Python version: 3.5.2 (default, Sep 14 2017, 22:51:06)  [GCC 5.4.0 20160609]
Python main interpreter initialized at 0xbccdd0
python threads support enabled
your server socket listen backlog is limited to 100 connections
your mercy for graceful operations on workers is 60 seconds
mapped 702080 bytes (685 KB) for 8 cores
*** Operational MODE: preforking+threaded ***
WSGI app 0 (mountpoint='') ready in 1 seconds on interpreter 0xbccdd0 pid: 1517 (default app)
*** uWSGI is running in multiple interpreter mode ***
spawned uWSGI master process (pid: 1517)
spawned uWSGI worker 1 (pid: 1519, cores: 2)
spawned uWSGI worker 2 (pid: 1520, cores: 2)
spawned uWSGI worker 3 (pid: 1521, cores: 2)
spawned uWSGI worker 4 (pid: 1522, cores: 2)
